<?xml version="1.0" encoding="UTF-8"?>
<!-- Generated by org.testng.reporters.JUnitReportReporter -->
<testsuite hostname="Swopneels-MBP.domain" failures="0" tests="3" name="libraryAPITests.DynamicJson" time="4.883" errors="0" timestamp="2022-01-23T03:41:17 MST" skipped="0">
  <testcase classname="libraryAPITests.DynamicJson" name="addBook" time="0.767"/>
  <system-out/>
  <testcase classname="libraryAPITests.DynamicJson" name="addBook" time="3.373"/>
  <system-out/>
  <testcase classname="libraryAPITests.DynamicJson" name="addBook" time="0.743"/>
  <system-out/>
</testsuite> <!-- libraryAPITests.DynamicJson -->
