<?xml version="1.0" encoding="UTF-8"?>
<!-- Generated by org.testng.reporters.JUnitReportReporter -->
<testsuite hostname="Swopneels-MBP.domain" failures="0" tests="1" name="learningPFMWithTestNG.Login" time="11.815" errors="0" timestamp="2021-12-02T00:07:39 MST" skipped="0">
  <testcase classname="learningPFMWithTestNG.Login" name="login" time="11.815"/>
  <system-out/>
</testsuite> <!-- learningPFMWithTestNG.Login -->
