<?xml version="1.0" encoding="UTF-8"?>
<!-- Generated by org.testng.reporters.JUnitReportReporter -->
<testsuite hostname="Swopneels-MBP.domain" failures="0" tests="3" name="testng.BascisOfTestNg" time="0.008" errors="0" timestamp="2021-12-01T23:10:20 MST" skipped="0">
  <testcase classname="testng.BascisOfTestNg" name="Dashboard" time="0.004"/>
  <system-out/>
  <testcase classname="testng.BascisOfTestNg" name="Register" time="0.003"/>
  <system-out/>
  <testcase classname="testng.BascisOfTestNg" name="Login" time="0.001"/>
  <system-out/>
</testsuite> <!-- testng.BascisOfTestNg -->
