<?xml version="1.0" encoding="UTF-8"?>
<!-- Generated by org.testng.reporters.JUnitReportReporter -->
<testsuite hostname="Swopneels-MBP.domain" failures="0" tests="1" name="learningPOMWithTestNG.Login" time="12.252" errors="0" timestamp="2021-12-01T23:36:54 MST" skipped="0">
  <testcase classname="learningPOMWithTestNG.Login" name="login" time="12.252"/>
  <system-out/>
</testsuite> <!-- learningPOMWithTestNG.Login -->
